<?xml version="1.0" encoding="UTF-8"?>
<testsuite name="Cucumber" time="5.547" tests="1" skipped="0" failures="0" errors="0">
<testcase classname="Amazon Project Document" name="Signin" time="5.349">
<system-out><![CDATA[
Given i open browser "chrome" and enter url "https://www.amazon.in".........passed
And clicked sigin link......................................................passed
When i click new user.......................................................passed
Then Registration form shuold open..........................................passed
]]></system-out>
</testcase>
</testsuite>
